<?xml version="1.0" encoding="UTF-8"?>
<testsuite name="ru.stqa.pft.sandbox.PointTest" tests="3" skipped="0" failures="0" errors="0" timestamp="2020-01-14T10:19:55" hostname="DESKTOP-JAOQ2GJ" time="0.015">
  <properties/>
  <testcase name="testArea" classname="ru.stqa.pft.sandbox.PointTest" time="0.015"/>
  <testcase name="testArea1" classname="ru.stqa.pft.sandbox.PointTest" time="0.0"/>
  <testcase name="testArea2" classname="ru.stqa.pft.sandbox.PointTest" time="0.0"/>
  <system-out><![CDATA[]]></system-out>
  <system-err><![CDATA[]]></system-err>
</testsuite>
