<?xml version="1.0" encoding="UTF-8"?>
<testsuite name="ru.sqrt.ptf.addressbook.GroupCreationTests" tests="1" skipped="0" failures="0" errors="0" timestamp="2020-01-15T08:49:16" hostname="DESKTOP-JAOQ2GJ" time="2.074">
  <properties/>
  <testcase name="testGroupCreation" classname="ru.sqrt.ptf.addressbook.GroupCreationTests" time="2.074"/>
  <system-out><![CDATA[]]></system-out>
  <system-err><![CDATA[SLF4J: Failed to load class "org.slf4j.impl.StaticLoggerBinder".
SLF4J: Defaulting to no-operation (NOP) logger implementation
SLF4J: See http://www.slf4j.org/codes.html#StaticLoggerBinder for further details.
1579078147819	mozrunner::runner	INFO	Running command: "C:\\Program Files\\Mozilla Firefox\\firefox.exe" "-marionette" "-foreground" "-no-remote" "-profile" "C:\\Users\\Mugurel\\AppData\\Local\\Temp\\rust_mozprofilezFxQLj"
1579078148500	addons.webextension.doh-rollout@mozilla.org	WARN	Loading extension 'doh-rollout@mozilla.org': Reading manifest: Invalid extension permission: networkStatus
1579078148641	addons.webextension.screenshots@mozilla.org	WARN	Loading extension 'screenshots@mozilla.org': Reading manifest: Invalid extension permission: mozillaAddons
1579078148641	addons.webextension.screenshots@mozilla.org	WARN	Loading extension 'screenshots@mozilla.org': Reading manifest: Invalid extension permission: telemetry
1579078148641	addons.webextension.screenshots@mozilla.org	WARN	Loading extension 'screenshots@mozilla.org': Reading manifest: Invalid extension permission: resource://pdf.js/
1579078148642	addons.webextension.screenshots@mozilla.org	WARN	Loading extension 'screenshots@mozilla.org': Reading manifest: Invalid extension permission: about:reader*
JavaScript error: resource://gre/modules/XULStore.jsm, line 66: Error: Can't find profile directory.
1579078151464	Marionette	INFO	Listening on port 50589
1579078151478	Marionette	WARN	TLS certificate errors will be ignored for this session
янв 15, 2020 10:49:11 AM org.openqa.selenium.remote.ProtocolHandshake createSession
INFO: Detected dialect: W3C
1579078158510	Marionette	INFO	Stopped listening on port 50589

###!!! [Child][RunMessage] Error: Channel closing: too late to send/recv, messages will be lost

]]></system-err>
</testsuite>
