<?xml version="1.0" encoding="UTF-8"?>
<testsuite name="ru.sqrt.ptf.addressbook.tests.CreateNewContactTest" tests="1" skipped="0" failures="0" errors="0" timestamp="2020-01-28T09:58:01" hostname="DESKTOP-JAOQ2GJ" time="2.601">
  <properties/>
  <testcase name="testCreateNewContact" classname="ru.sqrt.ptf.addressbook.tests.CreateNewContactTest" time="2.601"/>
  <system-out><![CDATA[]]></system-out>
  <system-err><![CDATA[SLF4J: Failed to load class "org.slf4j.impl.StaticLoggerBinder".
SLF4J: Defaulting to no-operation (NOP) logger implementation
SLF4J: See http://www.slf4j.org/codes.html#StaticLoggerBinder for further details.
Starting ChromeDriver 79.0.3945.36 (3582db32b33893869b8c1339e8f4d9ed1816f143-refs/branch-heads/3945@{#614}) on port 36367
Only local connections are allowed.
Please protect ports used by ChromeDriver and related test frameworks to prevent access by malicious code.
[1580205477.415][WARNING]: Timed out connecting to Chrome, retrying...
янв 28, 2020 11:57:59 AM org.openqa.selenium.remote.ProtocolHandshake createSession
INFO: Detected dialect: W3C
]]></system-err>
</testsuite>
